<?xml version="1.0" encoding="UTF-8"?>
<!-- Generated by org.testng.reporters.JUnitReportReporter -->
<testsuite hostname="azstorageexp" name="com.tests.RegisterService" tests="1" failures="0" timestamp="6 Feb 2020 11:53:15 GMT" time="2.540" errors="0">
  <testcase name="signUpServiceRequest" time="2.540" classname="com.tests.RegisterService"/>
</testsuite> <!-- com.tests.RegisterService -->
